This file contains any messages produced by compilers while
running configure, to aid debugging if configure makes a mistake.

It was created by desmume configure svn, which was
generated by GNU Autoconf 2.69.  Invocation command line was

  $ ./configure 

## --------- ##
## Platform. ##
## --------- ##

hostname = dean-pc
uname -m = x86_64
uname -r = 4.19.32-1-MANJARO
uname -s = Linux
uname -v = #1 SMP PREEMPT Wed Mar 27 18:55:07 UTC 2019

/usr/bin/uname -p = unknown
/bin/uname -X     = unknown

/bin/arch              = unknown
/usr/bin/arch -k       = unknown
/usr/convex/getsysinfo = unknown
/usr/bin/hostinfo      = unknown
/bin/machine           = unknown
/usr/bin/oslevel       = unknown
/bin/universe          = unknown

PATH: /usr/local/bin
PATH: /usr/bin
PATH: /bin
PATH: /usr/local/sbin
PATH: /usr/lib/jvm/default/bin
PATH: /usr/bin/site_perl
PATH: /usr/bin/vendor_perl
PATH: /usr/bin/core_perl


## ----------- ##
## Core tests. ##
## ----------- ##

configure:2452: checking build system type
configure:2466: result: x86_64-pc-linux-gnu
configure:2486: checking host system type
configure:2499: result: x86_64-pc-linux-gnu
configure:2573: checking for a BSD-compatible install
configure:2641: result: /usr/bin/install -c
configure:2652: checking whether build environment is sane
configure:2707: result: yes
configure:2856: checking for a thread-safe mkdir -p
configure:2895: result: /usr/bin/mkdir -p
configure:2902: checking for gawk
configure:2918: found /usr/bin/gawk
configure:2929: result: gawk
configure:2940: checking whether make sets $(MAKE)
configure:2962: result: yes
configure:2991: checking whether make supports nested variables
configure:3008: result: yes
configure:3087: checking how to create a pax tar archive
configure:3098: tar --version
tar (GNU tar) 1.32
Copyright (C) 2019 Free Software Foundation, Inc.
License GPLv3+: GNU GPL version 3 or later <https://gnu.org/licenses/gpl.html>.
This is free software: you are free to change and redistribute it.
There is NO WARRANTY, to the extent permitted by law.

Written by John Gilmore and Jay Fenlason.
configure:3101: $? = 0
configure:3141: tardir=conftest.dir && eval tar --format=posix -chf - "$tardir" >conftest.tar
configure:3144: $? = 0
configure:3148: tar -xf - <conftest.tar
configure:3151: $? = 0
configure:3153: cat conftest.dir/file
GrepMe
configure:3156: $? = 0
configure:3169: result: gnutar
configure:3278: checking for g++
configure:3294: found /usr/bin/g++
configure:3305: result: g++
configure:3332: checking for C++ compiler version
configure:3341: g++ --version >&5
g++ (GCC) 8.2.1 20181127
Copyright (C) 2018 Free Software Foundation, Inc.
This is free software; see the source for copying conditions.  There is NO
warranty; not even for MERCHANTABILITY or FITNESS FOR A PARTICULAR PURPOSE.

configure:3352: $? = 0
configure:3341: g++ -v >&5
Using built-in specs.
COLLECT_GCC=g++
COLLECT_LTO_WRAPPER=/usr/lib/gcc/x86_64-pc-linux-gnu/8.2.1/lto-wrapper
Target: x86_64-pc-linux-gnu
Configured with: /build/gcc/src/gcc/configure --prefix=/usr --libdir=/usr/lib --libexecdir=/usr/lib --mandir=/usr/share/man --infodir=/usr/share/info --with-bugurl=https://bugs.archlinux.org/ --enable-languages=c,c++,ada,fortran,go,lto,objc,obj-c++ --enable-shared --enable-threads=posix --enable-libmpx --with-system-zlib --with-isl --enable-__cxa_atexit --disable-libunwind-exceptions --enable-clocale=gnu --disable-libstdcxx-pch --disable-libssp --enable-gnu-unique-object --enable-linker-build-id --enable-lto --enable-plugin --enable-install-libiberty --with-linker-hash-style=gnu --enable-gnu-indirect-function --enable-multilib --disable-werror --enable-checking=release --enable-default-pie --enable-default-ssp --enable-cet=auto
Thread model: posix
gcc version 8.2.1 20181127 (GCC) 
configure:3352: $? = 0
configure:3341: g++ -V >&5
g++: error: unrecognized command line option '-V'
g++: fatal error: no input files
compilation terminated.
configure:3352: $? = 1
configure:3341: g++ -qversion >&5
g++: error: unrecognized command line option '-qversion'; did you mean '--version'?
g++: fatal error: no input files
compilation terminated.
configure:3352: $? = 1
configure:3372: checking whether the C++ compiler works
configure:3394: g++ -O2 -march=native   conftest.cpp  >&5
configure:3398: $? = 0
configure:3446: result: yes
configure:3449: checking for C++ compiler default output file name
configure:3451: result: a.out
configure:3457: checking for suffix of executables
configure:3464: g++ -o conftest -O2 -march=native   conftest.cpp  >&5
configure:3468: $? = 0
configure:3490: result: 
configure:3512: checking whether we are cross compiling
configure:3520: g++ -o conftest -O2 -march=native   conftest.cpp  >&5
configure:3524: $? = 0
configure:3531: ./conftest
configure:3535: $? = 0
configure:3523: result: no
configure:3528: checking for suffix of object files
configure:3550: g++ -c -O2 -march=native  conftest.cpp >&5
configure:3554: $? = 0
configure:3575: result: o
configure:3579: checking whether we are using the GNU C++ compiler
configure:3598: g++ -c -O2 -march=native  conftest.cpp >&5
configure:3598: $? = 0
configure:3607: result: yes
configure:3616: checking whether g++ accepts -g
configure:3636: g++ -c -g  conftest.cpp >&5
configure:3636: $? = 0
configure:3677: result: yes
configure:3703: checking whether make supports the include directive
configure:3718: make -f confmf.GNU && cat confinc.out
this is the am__doit target
configure:3721: $? = 0
configure:3740: result: yes (GNU style)
configure:3765: checking dependency style of g++
configure:3876: result: gcc3
configure:3935: checking for ranlib
configure:3951: found /usr/bin/ranlib
configure:3962: result: ranlib
configure:4033: checking for gcc
configure:4049: found /usr/bin/gcc
configure:4060: result: gcc
configure:4289: checking for C compiler version
configure:4298: gcc --version >&5
gcc (GCC) 8.2.1 20181127
Copyright (C) 2018 Free Software Foundation, Inc.
This is free software; see the source for copying conditions.  There is NO
warranty; not even for MERCHANTABILITY or FITNESS FOR A PARTICULAR PURPOSE.

configure:4309: $? = 0
configure:4298: gcc -v >&5
Using built-in specs.
COLLECT_GCC=gcc
COLLECT_LTO_WRAPPER=/usr/lib/gcc/x86_64-pc-linux-gnu/8.2.1/lto-wrapper
Target: x86_64-pc-linux-gnu
Configured with: /build/gcc/src/gcc/configure --prefix=/usr --libdir=/usr/lib --libexecdir=/usr/lib --mandir=/usr/share/man --infodir=/usr/share/info --with-bugurl=https://bugs.archlinux.org/ --enable-languages=c,c++,ada,fortran,go,lto,objc,obj-c++ --enable-shared --enable-threads=posix --enable-libmpx --with-system-zlib --with-isl --enable-__cxa_atexit --disable-libunwind-exceptions --enable-clocale=gnu --disable-libstdcxx-pch --disable-libssp --enable-gnu-unique-object --enable-linker-build-id --enable-lto --enable-plugin --enable-install-libiberty --with-linker-hash-style=gnu --enable-gnu-indirect-function --enable-multilib --disable-werror --enable-checking=release --enable-default-pie --enable-default-ssp --enable-cet=auto
Thread model: posix
gcc version 8.2.1 20181127 (GCC) 
configure:4309: $? = 0
configure:4298: gcc -V >&5
gcc: error: unrecognized command line option '-V'
gcc: fatal error: no input files
compilation terminated.
configure:4309: $? = 1
configure:4298: gcc -qversion >&5
gcc: error: unrecognized command line option '-qversion'; did you mean '--version'?
gcc: fatal error: no input files
compilation terminated.
configure:4309: $? = 1
configure:4313: checking whether we are using the GNU C compiler
configure:4332: gcc -c -O2 -march=native  conftest.c >&5
configure:4332: $? = 0
configure:4341: result: yes
configure:4350: checking whether gcc accepts -g
configure:4370: gcc -c -g  conftest.c >&5
configure:4370: $? = 0
configure:4411: result: yes
configure:4428: checking for gcc option to accept ISO C89
configure:4491: gcc  -c -O2 -march=native  conftest.c >&5
configure:4491: $? = 0
configure:4504: result: none needed
configure:4529: checking whether gcc understands -c and -o together
configure:4551: gcc -c conftest.c -o conftest2.o
configure:4554: $? = 0
configure:4551: gcc -c conftest.c -o conftest2.o
configure:4554: $? = 0
configure:4566: result: yes
configure:4585: checking dependency style of gcc
configure:4696: result: gcc3
configure:4717: checking how to run the C preprocessor
configure:4748: gcc -E  conftest.c
configure:4748: $? = 0
configure:4762: gcc -E  conftest.c
conftest.c:11:10: fatal error: ac_nonexistent.h: No such file or directory
 #include <ac_nonexistent.h>
          ^~~~~~~~~~~~~~~~~~
compilation terminated.
configure:4762: $? = 1
configure: failed program was:
| /* confdefs.h */
| #define PACKAGE_NAME "desmume"
| #define PACKAGE_TARNAME "desmume"
| #define PACKAGE_VERSION "svn"
| #define PACKAGE_STRING "desmume svn"
| #define PACKAGE_BUGREPORT ""
| #define PACKAGE_URL ""
| #define PACKAGE "desmume"
| #define VERSION "svn"
| /* end confdefs.h.  */
| #include <ac_nonexistent.h>
configure:4787: result: gcc -E
configure:4807: gcc -E  conftest.c
configure:4807: $? = 0
configure:4821: gcc -E  conftest.c
conftest.c:11:10: fatal error: ac_nonexistent.h: No such file or directory
 #include <ac_nonexistent.h>
          ^~~~~~~~~~~~~~~~~~
compilation terminated.
configure:4821: $? = 1
configure: failed program was:
| /* confdefs.h */
| #define PACKAGE_NAME "desmume"
| #define PACKAGE_TARNAME "desmume"
| #define PACKAGE_VERSION "svn"
| #define PACKAGE_STRING "desmume svn"
| #define PACKAGE_BUGREPORT ""
| #define PACKAGE_URL ""
| #define PACKAGE "desmume"
| #define VERSION "svn"
| /* end confdefs.h.  */
| #include <ac_nonexistent.h>
configure:4850: checking for grep that handles long lines and -e
configure:4908: result: /usr/bin/grep
configure:4913: checking for egrep
configure:4975: result: /usr/bin/grep -E
configure:4980: checking for ANSI C header files
configure:5000: gcc -c -O2 -march=native  conftest.c >&5
configure:5000: $? = 0
configure:5073: gcc -o conftest -O2 -march=native   conftest.c  >&5
configure:5073: $? = 0
configure:5073: ./conftest
configure:5073: $? = 0
configure:5084: result: yes
configure:5097: checking for sys/types.h
configure:5097: gcc -c -O2 -march=native  conftest.c >&5
configure:5097: $? = 0
configure:5097: result: yes
configure:5097: checking for sys/stat.h
configure:5097: gcc -c -O2 -march=native  conftest.c >&5
configure:5097: $? = 0
configure:5097: result: yes
configure:5097: checking for stdlib.h
configure:5097: gcc -c -O2 -march=native  conftest.c >&5
configure:5097: $? = 0
configure:5097: result: yes
configure:5097: checking for string.h
configure:5097: gcc -c -O2 -march=native  conftest.c >&5
configure:5097: $? = 0
configure:5097: result: yes
configure:5097: checking for memory.h
configure:5097: gcc -c -O2 -march=native  conftest.c >&5
configure:5097: $? = 0
configure:5097: result: yes
configure:5097: checking for strings.h
configure:5097: gcc -c -O2 -march=native  conftest.c >&5
configure:5097: $? = 0
configure:5097: result: yes
configure:5097: checking for inttypes.h
configure:5097: gcc -c -O2 -march=native  conftest.c >&5
configure:5097: $? = 0
configure:5097: result: yes
configure:5097: checking for stdint.h
configure:5097: gcc -c -O2 -march=native  conftest.c >&5
configure:5097: $? = 0
configure:5097: result: yes
configure:5097: checking for unistd.h
configure:5097: gcc -c -O2 -march=native  conftest.c >&5
configure:5097: $? = 0
configure:5097: result: yes
configure:5109: checking whether byte ordering is bigendian
configure:5124: gcc -c -O2 -march=native  conftest.c >&5
conftest.c:22:9: error: unknown type name 'not'
         not a universal capable compiler
         ^~~
conftest.c:22:15: error: expected '=', ',', ';', 'asm' or '__attribute__' before 'universal'
         not a universal capable compiler
               ^~~~~~~~~
conftest.c:22:15: error: unknown type name 'universal'
configure:5124: $? = 1
configure: failed program was:
| /* confdefs.h */
| #define PACKAGE_NAME "desmume"
| #define PACKAGE_TARNAME "desmume"
| #define PACKAGE_VERSION "svn"
| #define PACKAGE_STRING "desmume svn"
| #define PACKAGE_BUGREPORT ""
| #define PACKAGE_URL ""
| #define PACKAGE "desmume"
| #define VERSION "svn"
| #define STDC_HEADERS 1
| #define HAVE_SYS_TYPES_H 1
| #define HAVE_SYS_STAT_H 1
| #define HAVE_STDLIB_H 1
| #define HAVE_STRING_H 1
| #define HAVE_MEMORY_H 1
| #define HAVE_STRINGS_H 1
| #define HAVE_INTTYPES_H 1
| #define HAVE_STDINT_H 1
| #define HAVE_UNISTD_H 1
| /* end confdefs.h.  */
| #ifndef __APPLE_CC__
| 	       not a universal capable compiler
| 	     #endif
| 	     typedef int dummy;
| 
configure:5169: gcc -c -O2 -march=native  conftest.c >&5
configure:5169: $? = 0
configure:5187: gcc -c -O2 -march=native  conftest.c >&5
conftest.c: In function 'main':
conftest.c:28:4: error: unknown type name 'not'; did you mean 'ino_t'?
    not big endian
    ^~~
    ino_t
conftest.c:28:12: error: expected '=', ',', ';', 'asm' or '__attribute__' before 'endian'
    not big endian
            ^~~~~~
configure:5187: $? = 1
configure: failed program was:
| /* confdefs.h */
| #define PACKAGE_NAME "desmume"
| #define PACKAGE_TARNAME "desmume"
| #define PACKAGE_VERSION "svn"
| #define PACKAGE_STRING "desmume svn"
| #define PACKAGE_BUGREPORT ""
| #define PACKAGE_URL ""
| #define PACKAGE "desmume"
| #define VERSION "svn"
| #define STDC_HEADERS 1
| #define HAVE_SYS_TYPES_H 1
| #define HAVE_SYS_STAT_H 1
| #define HAVE_STDLIB_H 1
| #define HAVE_STRING_H 1
| #define HAVE_MEMORY_H 1
| #define HAVE_STRINGS_H 1
| #define HAVE_INTTYPES_H 1
| #define HAVE_STDINT_H 1
| #define HAVE_UNISTD_H 1
| /* end confdefs.h.  */
| #include <sys/types.h>
| 		#include <sys/param.h>
| 
| int
| main ()
| {
| #if BYTE_ORDER != BIG_ENDIAN
| 		 not big endian
| 		#endif
| 
|   ;
|   return 0;
| }
configure:5315: result: no
configure:5351: checking for gzopen in -lz
configure:5376: gcc -o conftest -O2 -march=native   conftest.c -lz   >&5
configure:5376: $? = 0
configure:5385: result: yes
configure:5399: checking for main in -lpcap
configure:5418: gcc -o conftest -O2 -march=native   conftest.c -lpcap  -lz  >&5
configure:5418: $? = 0
configure:5427: result: yes
configure:5436: checking for zzip_open in -lzzip
configure:5461: gcc -o conftest -O2 -march=native   conftest.c -lzzip  -lz  -lpcap >&5
/usr/bin/ld: cannot find -lzzip
collect2: error: ld returned 1 exit status
configure:5461: $? = 1
configure: failed program was:
| /* confdefs.h */
| #define PACKAGE_NAME "desmume"
| #define PACKAGE_TARNAME "desmume"
| #define PACKAGE_VERSION "svn"
| #define PACKAGE_STRING "desmume svn"
| #define PACKAGE_BUGREPORT ""
| #define PACKAGE_URL ""
| #define PACKAGE "desmume"
| #define VERSION "svn"
| #define STDC_HEADERS 1
| #define HAVE_SYS_TYPES_H 1
| #define HAVE_SYS_STAT_H 1
| #define HAVE_STDLIB_H 1
| #define HAVE_STRING_H 1
| #define HAVE_MEMORY_H 1
| #define HAVE_STRINGS_H 1
| #define HAVE_INTTYPES_H 1
| #define HAVE_STDINT_H 1
| #define HAVE_UNISTD_H 1
| #define SVN_REV 0
| #define SVN_REV_STR "0"
| #define HAVE_LIBZ 1
| /* end confdefs.h.  */
| 
| /* Override any GCC internal prototype to avoid an error.
|    Use char because int might match the return type of a GCC
|    builtin and then its argument prototype would still apply.  */
| #ifdef __cplusplus
| extern "C"
| #endif
| char zzip_open ();
| int
| main ()
| {
| return zzip_open ();
|   ;
|   return 0;
| }
configure:5470: result: no
configure:5506: checking for X
configure:5614: gcc -E  conftest.c
configure:5614: $? = 0
configure:5645: gcc -o conftest -O2 -march=native   conftest.c -lX11 -lz  -lpcap >&5
configure:5645: $? = 0
configure:5695: result: libraries , headers 
configure:5704: checking for sdl-config
configure:5722: found /usr/bin/sdl-config
configure:5734: result: /usr/bin/sdl-config
configure:5756: checking GL/gl.h usability
configure:5756: gcc -c -O2 -march=native  conftest.c >&5
configure:5756: $? = 0
configure:5756: result: yes
configure:5756: checking GL/gl.h presence
configure:5756: gcc -E  conftest.c
configure:5756: $? = 0
configure:5756: result: yes
configure:5756: checking for GL/gl.h
configure:5756: result: yes
configure:5763: checking GL/glu.h usability
configure:5763: gcc -c -O2 -march=native  conftest.c >&5
configure:5763: $? = 0
configure:5763: result: yes
configure:5763: checking GL/glu.h presence
configure:5763: gcc -E  conftest.c
configure:5763: $? = 0
configure:5763: result: yes
configure:5763: checking for GL/glu.h
configure:5763: result: yes
configure:5931: checking for main in -ldl
configure:5950: gcc -o conftest -O2 -march=native   conftest.c -ldl  -lz  -lpcap -lGL -lGLU >&5
configure:5950: $? = 0
configure:5959: result: yes
configure:5970: checking for main in -lGL
configure:5989: gcc -o conftest -O2 -march=native   conftest.c -lGL  -ldl -lz  -lpcap -lGL -lGLU >&5
configure:5989: $? = 0
configure:5998: result: yes
configure:6011: checking GL/glx.h usability
configure:6011: gcc -c -O2 -march=native  conftest.c >&5
configure:6011: $? = 0
configure:6011: result: yes
configure:6011: checking GL/glx.h presence
configure:6011: gcc -E  conftest.c
configure:6011: $? = 0
configure:6011: result: yes
configure:6011: checking for GL/glx.h
configure:6011: result: yes
configure:6166: checking for pkg-config
configure:6184: found /usr/bin/pkg-config
configure:6196: result: /usr/bin/pkg-config
configure:6221: checking pkg-config is at least version 0.9.0
configure:6224: result: yes
configure:6234: checking for GLIB
configure:6241: $PKG_CONFIG --exists --print-errors "glib-2.0 >= $GLIB_VER"
configure:6244: $? = 0
configure:6258: $PKG_CONFIG --exists --print-errors "glib-2.0 >= $GLIB_VER"
configure:6261: $? = 0
configure:6299: result: yes
configure:6306: checking for GTK
configure:6313: $PKG_CONFIG --exists --print-errors "gtk+-2.0 >= $GTK_VER"
configure:6316: $? = 0
configure:6330: $PKG_CONFIG --exists --print-errors "gtk+-2.0 >= $GTK_VER"
configure:6333: $? = 0
configure:6371: result: yes
configure:6381: checking for GTHREAD
configure:6388: $PKG_CONFIG --exists --print-errors ""gthread-2.0""
configure:6391: $? = 0
configure:6405: $PKG_CONFIG --exists --print-errors ""gthread-2.0""
configure:6408: $? = 0
configure:6446: result: yes
configure:6642: checking for update-desktop-database
configure:6660: found /usr/bin/update-desktop-database
configure:6672: result: /usr/bin/update-desktop-database
configure:6684: checking for LUA
configure:6691: $PKG_CONFIG --exists --print-errors "lua >= 5.1"
configure:6694: $? = 0
configure:6708: $PKG_CONFIG --exists --print-errors "lua >= 5.1"
configure:6711: $? = 0
configure:6749: result: yes
configure:6755: checking for LUA
configure:6762: $PKG_CONFIG --exists --print-errors "lua5.1 >= 5.1"
Package lua5.1 was not found in the pkg-config search path.
Perhaps you should add the directory containing `lua5.1.pc'
to the PKG_CONFIG_PATH environment variable
Package 'lua5.1', required by 'virtual:world', not found
configure:6765: $? = 1
configure:6796: result: no
Package 'lua5.1', required by 'virtual:world', not found
configure:6838: checking for ALSA
configure:6845: $PKG_CONFIG --exists --print-errors "alsa >= 1.0"
configure:6848: $? = 0
configure:6862: $PKG_CONFIG --exists --print-errors "alsa >= 1.0"
configure:6865: $? = 0
configure:6903: result: yes
configure:6921: checking for LIBAGG
configure:6928: $PKG_CONFIG --exists --print-errors "libagg >= 2.4.0"
Package libagg was not found in the pkg-config search path.
Perhaps you should add the directory containing `libagg.pc'
to the PKG_CONFIG_PATH environment variable
Package 'libagg', required by 'virtual:world', not found
configure:6931: $? = 1
configure:6945: $PKG_CONFIG --exists --print-errors "libagg >= 2.4.0"
Package libagg was not found in the pkg-config search path.
Perhaps you should add the directory containing `libagg.pc'
to the PKG_CONFIG_PATH environment variable
Package 'libagg', required by 'virtual:world', not found
configure:6948: $? = 1
configure:6962: result: no
Package 'libagg', required by 'virtual:world', not found
configure:7011: checking for LIBSOUNDTOUCH
configure:7018: $PKG_CONFIG --exists --print-errors "soundtouch >= 1.5.0"
configure:7021: $? = 0
configure:7035: $PKG_CONFIG --exists --print-errors "soundtouch >= 1.5.0"
configure:7038: $? = 0
configure:7076: result: yes
configure:8472: checking whether __SSE2__ is declared
configure:8472: gcc -c -O2 -march=native  conftest.c >&5
configure:8472: $? = 0
configure:8472: result: yes
configure:8486: checking whether __AVX2__ is declared
configure:8486: gcc -c -O2 -march=native  conftest.c >&5
configure:8486: $? = 0
configure:8486: result: yes
configure:8500: checking whether __ALTIVEC__ is declared
configure:8500: gcc -c -O2 -march=native  conftest.c >&5
conftest.c: In function 'main':
conftest.c:74:10: error: '__ALTIVEC__' undeclared (first use in this function); did you mean '__LINE__'?
   (void) __ALTIVEC__;
          ^~~~~~~~~~~
          __LINE__
conftest.c:74:10: note: each undeclared identifier is reported only once for each function it appears in
configure:8500: $? = 1
configure: failed program was:
| /* confdefs.h */
| #define PACKAGE_NAME "desmume"
| #define PACKAGE_TARNAME "desmume"
| #define PACKAGE_VERSION "svn"
| #define PACKAGE_STRING "desmume svn"
| #define PACKAGE_BUGREPORT ""
| #define PACKAGE_URL ""
| #define PACKAGE "desmume"
| #define VERSION "svn"
| #define STDC_HEADERS 1
| #define HAVE_SYS_TYPES_H 1
| #define HAVE_SYS_STAT_H 1
| #define HAVE_STDLIB_H 1
| #define HAVE_STRING_H 1
| #define HAVE_MEMORY_H 1
| #define HAVE_STRINGS_H 1
| #define HAVE_INTTYPES_H 1
| #define HAVE_STDINT_H 1
| #define HAVE_UNISTD_H 1
| #define SVN_REV 0
| #define SVN_REV_STR "0"
| #define HAVE_LIBZ 1
| #define HAVE_GL_GL_H 1
| #define HAVE_GL_GLU_H 1
| #define HAVE_LIBDL 1
| #define HAVE_LIBGL 1
| #define HAVE_GL_GLX_H 1
| #define HAVE_GL_GLX 1
| #define HAVE_LIBSOUNDTOUCH 1
| #define HAVE_JIT 1
| #define HOST_LINUX 1
| #define HOST_64 1
| /* end confdefs.h.  */
| #include <stdio.h>
| #ifdef HAVE_SYS_TYPES_H
| # include <sys/types.h>
| #endif
| #ifdef HAVE_SYS_STAT_H
| # include <sys/stat.h>
| #endif
| #ifdef STDC_HEADERS
| # include <stdlib.h>
| # include <stddef.h>
| #else
| # ifdef HAVE_STDLIB_H
| #  include <stdlib.h>
| # endif
| #endif
| #ifdef HAVE_STRING_H
| # if !defined STDC_HEADERS && defined HAVE_MEMORY_H
| #  include <memory.h>
| # endif
| # include <string.h>
| #endif
| #ifdef HAVE_STRINGS_H
| # include <strings.h>
| #endif
| #ifdef HAVE_INTTYPES_H
| # include <inttypes.h>
| #endif
| #ifdef HAVE_STDINT_H
| # include <stdint.h>
| #endif
| #ifdef HAVE_UNISTD_H
| # include <unistd.h>
| #endif
| int
| main ()
| {
| #ifndef __ALTIVEC__
| #ifdef __cplusplus
|   (void) __ALTIVEC__;
| #else
|   (void) __ALTIVEC__;
| #endif
| #endif
| 
|   ;
|   return 0;
| }
configure:8500: result: no
configure:8594: checking whether to enable maintainer-specific portions of Makefiles
configure:8603: result: no
configure:8758: checking that generated files are newer than configure
configure:8764: result: done
configure:8848: creating ./config.status

## ---------------------- ##
## Running config.status. ##
## ---------------------- ##

This file was extended by desmume config.status svn, which was
generated by GNU Autoconf 2.69.  Invocation command line was

  CONFIG_FILES    = 
  CONFIG_HEADERS  = 
  CONFIG_LINKS    = 
  CONFIG_COMMANDS = 
  $ ./config.status 

on dean-pc

config.status:884: creating Makefile
config.status:884: creating cli/Makefile
config.status:884: creating cli/doc/Makefile
config.status:884: creating gtk/Makefile
config.status:884: creating gtk/doc/Makefile
config.status:884: creating gtk-glade/Makefile
config.status:884: creating gtk-glade/doc/Makefile
config.status:1056: executing depfiles commands
config.status:1133: cd .       && sed -e '/# am--include-marker/d' Makefile         | make -f - am--depfiles
make: Nothing to be done for 'am--depfiles'.
config.status:1138: $? = 0
config.status:1133: cd cli       && sed -e '/# am--include-marker/d' Makefile         | make -f - am--depfiles
make: Nothing to be done for 'am--depfiles'.
config.status:1138: $? = 0
config.status:1133: cd gtk       && sed -e '/# am--include-marker/d' Makefile         | make -f - am--depfiles
make: Nothing to be done for 'am--depfiles'.
config.status:1138: $? = 0
config.status:1133: cd gtk-glade       && sed -e '/# am--include-marker/d' Makefile         | make -f - am--depfiles
make: Nothing to be done for 'am--depfiles'.
config.status:1138: $? = 0

## ---------------- ##
## Cache variables. ##
## ---------------- ##

ac_cv_build=x86_64-pc-linux-gnu
ac_cv_c_bigendian=no
ac_cv_c_compiler_gnu=yes
ac_cv_cxx_compiler_gnu=yes
ac_cv_env_ALSA_CFLAGS_set=
ac_cv_env_ALSA_CFLAGS_value=
ac_cv_env_ALSA_LIBS_set=
ac_cv_env_ALSA_LIBS_value=
ac_cv_env_CCC_set=
ac_cv_env_CCC_value=
ac_cv_env_CC_set=
ac_cv_env_CC_value=
ac_cv_env_CFLAGS_set=set
ac_cv_env_CFLAGS_value='-O2 -march=native'
ac_cv_env_CPPFLAGS_set=
ac_cv_env_CPPFLAGS_value=
ac_cv_env_CPP_set=
ac_cv_env_CPP_value=
ac_cv_env_CXXFLAGS_set=set
ac_cv_env_CXXFLAGS_value='-O2 -march=native'
ac_cv_env_CXX_set=
ac_cv_env_CXX_value=
ac_cv_env_GLIB_CFLAGS_set=
ac_cv_env_GLIB_CFLAGS_value=
ac_cv_env_GLIB_LIBS_set=
ac_cv_env_GLIB_LIBS_value=
ac_cv_env_GTHREAD_CFLAGS_set=
ac_cv_env_GTHREAD_CFLAGS_value=
ac_cv_env_GTHREAD_LIBS_set=
ac_cv_env_GTHREAD_LIBS_value=
ac_cv_env_GTKGLEXT_CFLAGS_set=
ac_cv_env_GTKGLEXT_CFLAGS_value=
ac_cv_env_GTKGLEXT_LIBS_set=
ac_cv_env_GTKGLEXT_LIBS_value=
ac_cv_env_GTK_CFLAGS_set=
ac_cv_env_GTK_CFLAGS_value=
ac_cv_env_GTK_LIBS_set=
ac_cv_env_GTK_LIBS_value=
ac_cv_env_LDFLAGS_set=
ac_cv_env_LDFLAGS_value=
ac_cv_env_LIBAGG_CFLAGS_set=
ac_cv_env_LIBAGG_CFLAGS_value=
ac_cv_env_LIBAGG_LIBS_set=
ac_cv_env_LIBAGG_LIBS_value=
ac_cv_env_LIBGLADE_CFLAGS_set=
ac_cv_env_LIBGLADE_CFLAGS_value=
ac_cv_env_LIBGLADE_LIBS_set=
ac_cv_env_LIBGLADE_LIBS_value=
ac_cv_env_LIBSOUNDTOUCH_CFLAGS_set=
ac_cv_env_LIBSOUNDTOUCH_CFLAGS_value=
ac_cv_env_LIBSOUNDTOUCH_LIBS_set=
ac_cv_env_LIBSOUNDTOUCH_LIBS_value=
ac_cv_env_LIBS_set=
ac_cv_env_LIBS_value=
ac_cv_env_LUA_CFLAGS_set=
ac_cv_env_LUA_CFLAGS_value=
ac_cv_env_LUA_LIBS_set=
ac_cv_env_LUA_LIBS_value=
ac_cv_env_PKG_CONFIG_LIBDIR_set=
ac_cv_env_PKG_CONFIG_LIBDIR_value=
ac_cv_env_PKG_CONFIG_PATH_set=
ac_cv_env_PKG_CONFIG_PATH_value=
ac_cv_env_PKG_CONFIG_set=
ac_cv_env_PKG_CONFIG_value=
ac_cv_env_XMKMF_set=
ac_cv_env_XMKMF_value=
ac_cv_env_build_alias_set=
ac_cv_env_build_alias_value=
ac_cv_env_host_alias_set=
ac_cv_env_host_alias_value=
ac_cv_env_target_alias_set=
ac_cv_env_target_alias_value=
ac_cv_have_decl___ALTIVEC__=no
ac_cv_have_decl___AVX2__=yes
ac_cv_have_decl___SSE2__=yes
ac_cv_have_x='have_x=yes	ac_x_includes='\'''\''	ac_x_libraries='\'''\'''
ac_cv_header_GL_gl_h=yes
ac_cv_header_GL_glu_h=yes
ac_cv_header_GL_glx_h=yes
ac_cv_header_inttypes_h=yes
ac_cv_header_memory_h=yes
ac_cv_header_stdc=yes
ac_cv_header_stdint_h=yes
ac_cv_header_stdlib_h=yes
ac_cv_header_string_h=yes
ac_cv_header_strings_h=yes
ac_cv_header_sys_stat_h=yes
ac_cv_header_sys_types_h=yes
ac_cv_header_unistd_h=yes
ac_cv_host=x86_64-pc-linux-gnu
ac_cv_lib_GL_main=yes
ac_cv_lib_dl_main=yes
ac_cv_lib_pcap_main=yes
ac_cv_lib_z_gzopen=yes
ac_cv_lib_zzip_zzip_open=no
ac_cv_objext=o
ac_cv_path_EGREP='/usr/bin/grep -E'
ac_cv_path_GREP=/usr/bin/grep
ac_cv_path_SDLCONFIG=/usr/bin/sdl-config
ac_cv_path_UPDATEDESKTOP=/usr/bin/update-desktop-database
ac_cv_path_ac_pt_PKG_CONFIG=/usr/bin/pkg-config
ac_cv_path_install='/usr/bin/install -c'
ac_cv_path_mkdir=/usr/bin/mkdir
ac_cv_prog_AWK=gawk
ac_cv_prog_CPP='gcc -E'
ac_cv_prog_ac_ct_CC=gcc
ac_cv_prog_ac_ct_CXX=g++
ac_cv_prog_ac_ct_RANLIB=ranlib
ac_cv_prog_cc_c89=
ac_cv_prog_cc_g=yes
ac_cv_prog_cxx_g=yes
ac_cv_prog_make_make_set=yes
am_cv_CC_dependencies_compiler_type=gcc3
am_cv_CXX_dependencies_compiler_type=gcc3
am_cv_make_support_nested_variables=yes
am_cv_prog_cc_c_o=yes
am_cv_prog_tar_pax=gnutar
pkg_cv_ALSA_CFLAGS='-I/usr/include/alsa '
pkg_cv_ALSA_LIBS='-lasound '
pkg_cv_GLIB_CFLAGS='-I/usr/include/glib-2.0 -I/usr/lib/glib-2.0/include '
pkg_cv_GLIB_LIBS='-lglib-2.0 '
pkg_cv_GTHREAD_CFLAGS='-pthread -I/usr/include/glib-2.0 -I/usr/lib/glib-2.0/include '
pkg_cv_GTHREAD_LIBS='-pthread -lgthread-2.0 -lglib-2.0 '
pkg_cv_GTK_CFLAGS='-I/usr/include/gtk-2.0 -I/usr/lib/gtk-2.0/include -I/usr/include/pango-1.0 -I/usr/include/glib-2.0 -I/usr/lib/glib-2.0/include -I/usr/lib/libffi-3.2.1/include -I/usr/include/fribidi -I/usr/include/harfbuzz -I/usr/include/freetype2 -I/usr/include/libpng16 -I/usr/include/uuid -I/usr/include/cairo -I/usr/include/pixman-1 -I/usr/include/gdk-pixbuf-2.0 -I/usr/include/libmount -I/usr/include/blkid -I/usr/include/atk-1.0 -pthread '
pkg_cv_GTK_LIBS='-lgtk-x11-2.0 -lgdk-x11-2.0 -lpangocairo-1.0 -latk-1.0 -lcairo -lgdk_pixbuf-2.0 -lgio-2.0 -lgobject-2.0 -lglib-2.0 -lpangoft2-1.0 -lpango-1.0 -lfontconfig -lfreetype '
pkg_cv_LIBSOUNDTOUCH_CFLAGS='-I/usr/include/soundtouch '
pkg_cv_LIBSOUNDTOUCH_LIBS='-lSoundTouch '
pkg_cv_LUA_CFLAGS=
pkg_cv_LUA_LIBS='-llua -lm '

## ----------------- ##
## Output variables. ##
## ----------------- ##

ACLOCAL='${SHELL} /home/dean/Packages/desmume-src/src/frontend/posix/missing aclocal-1.16'
ALSA_CFLAGS='-I/usr/include/alsa '
ALSA_LIBS='-lasound '
AMDEPBACKSLASH='\'
AMDEP_FALSE='#'
AMDEP_TRUE=''
AMTAR='$${TAR-tar}'
AM_BACKSLASH='\'
AM_DEFAULT_V='$(AM_DEFAULT_VERBOSITY)'
AM_DEFAULT_VERBOSITY='1'
AM_V='$(V)'
AUTOCONF='${SHELL} /home/dean/Packages/desmume-src/src/frontend/posix/missing autoconf'
AUTOHEADER='${SHELL} /home/dean/Packages/desmume-src/src/frontend/posix/missing autoheader'
AUTOMAKE='${SHELL} /home/dean/Packages/desmume-src/src/frontend/posix/missing automake-1.16'
AWK='gawk'
CATALOGS=''
CATOBJEXT=''
CC='gcc'
CCDEPMODE='depmode=gcc3'
CFLAGS='-O2 -march=native'
CPP='gcc -E'
CPPFLAGS=''
CXX='g++'
CXXDEPMODE='depmode=gcc3'
CXXFLAGS='-O2 -march=native'
CYGPATH_W='echo'
DATADIRNAME=''
DEFS='-DPACKAGE_NAME=\"desmume\" -DPACKAGE_TARNAME=\"desmume\" -DPACKAGE_VERSION=\"svn\" -DPACKAGE_STRING=\"desmume\ svn\" -DPACKAGE_BUGREPORT=\"\" -DPACKAGE_URL=\"\" -DPACKAGE=\"desmume\" -DVERSION=\"svn\" -DSTDC_HEADERS=1 -DHAVE_SYS_TYPES_H=1 -DHAVE_SYS_STAT_H=1 -DHAVE_STDLIB_H=1 -DHAVE_STRING_H=1 -DHAVE_MEMORY_H=1 -DHAVE_STRINGS_H=1 -DHAVE_INTTYPES_H=1 -DHAVE_STDINT_H=1 -DHAVE_UNISTD_H=1 -DSVN_REV=0 -DSVN_REV_STR=\"0\" -DHAVE_LIBZ=1 -DHAVE_GL_GL_H=1 -DHAVE_GL_GLU_H=1 -DHAVE_LIBDL=1 -DHAVE_LIBGL=1 -DHAVE_GL_GLX_H=1 -DHAVE_GL_GLX=1 -DHAVE_LIBSOUNDTOUCH=1 -DHAVE_JIT=1 -DHOST_LINUX=1 -DHOST_64=1'
DEPDIR='.deps'
ECHO_C=''
ECHO_N='-n'
ECHO_T=''
EGREP='/usr/bin/grep -E'
EXEEXT=''
GETTEXT_PACKAGE=''
GLADEUI_UNINSTALLED_DIR=''
GLIB_CFLAGS='-I/usr/include/glib-2.0 -I/usr/lib/glib-2.0/include '
GLIB_LIBS='-lglib-2.0 '
GLX_LIBS='-lX11'
GMOFILES=''
GMSGFMT=''
GREP='/usr/bin/grep'
GTHREAD_CFLAGS='-pthread -I/usr/include/glib-2.0 -I/usr/lib/glib-2.0/include '
GTHREAD_LIBS='-pthread -lgthread-2.0 -lglib-2.0 '
GTKGLEXT_CFLAGS=''
GTKGLEXT_LIBS=''
GTK_CFLAGS='-I/usr/include/gtk-2.0 -I/usr/lib/gtk-2.0/include -I/usr/include/pango-1.0 -I/usr/include/glib-2.0 -I/usr/lib/glib-2.0/include -I/usr/lib/libffi-3.2.1/include -I/usr/include/fribidi -I/usr/include/harfbuzz -I/usr/include/freetype2 -I/usr/include/libpng16 -I/usr/include/uuid -I/usr/include/cairo -I/usr/include/pixman-1 -I/usr/include/gdk-pixbuf-2.0 -I/usr/include/libmount -I/usr/include/blkid -I/usr/include/atk-1.0 -pthread '
GTK_LIBS='-lgtk-x11-2.0 -lgdk-x11-2.0 -lpangocairo-1.0 -latk-1.0 -lcairo -lgdk_pixbuf-2.0 -lgio-2.0 -lgobject-2.0 -lglib-2.0 -lpangoft2-1.0 -lpango-1.0 -lfontconfig -lfreetype '
HAVE_ALSA_FALSE='#'
HAVE_ALSA_TRUE=''
HAVE_GDB_STUB_FALSE=''
HAVE_GDB_STUB_TRUE='#'
HAVE_GL_FALSE='#'
HAVE_GL_GLX_FALSE='#'
HAVE_GL_GLX_TRUE=''
HAVE_GL_TRUE=''
HAVE_JIT_FALSE='#'
HAVE_JIT_TRUE=''
HAVE_LIBAGG_FALSE=''
HAVE_LIBAGG_TRUE='#'
HAVE_LIBOSMESA_FALSE=''
HAVE_LIBOSMESA_TRUE='#'
HAVE_LIBSOUNDTOUCH_FALSE='#'
HAVE_LIBSOUNDTOUCH_TRUE=''
HAVE_LUA_FALSE=''
HAVE_LUA_TRUE='#'
HAVE_OPENAL_FALSE=''
HAVE_OPENAL_TRUE='#'
INSTALL_DATA='${INSTALL} -m 644'
INSTALL_PROGRAM='${INSTALL}'
INSTALL_SCRIPT='${INSTALL}'
INSTALL_STRIP_PROGRAM='$(install_sh) -c -s'
INSTOBJEXT=''
INTLLIBS=''
INTL_MACOSX_LIBS=''
LDFLAGS=''
LIBAGG_CFLAGS=''
LIBAGG_LIBS=''
LIBGLADE_CFLAGS=''
LIBGLADE_LIBS=''
LIBOBJS=''
LIBS='-lGL -ldl -lz  -lpcap -lGL -lGLU'
LIBSOUNDTOUCH_CFLAGS='-I/usr/include/soundtouch '
LIBSOUNDTOUCH_LIBS='-lSoundTouch '
LTLIBOBJS=''
LUA_CFLAGS=''
LUA_LIBS='-llua -lm '
MAINT='#'
MAINTAINER_MODE_FALSE=''
MAINTAINER_MODE_TRUE='#'
MAKEINFO='${SHELL} /home/dean/Packages/desmume-src/src/frontend/posix/missing makeinfo'
MKDIR_P='/usr/bin/mkdir -p'
MKINSTALLDIRS=''
MSGFMT=''
MSGFMT_OPTS=''
OBJEXT='o'
OSMESA_LIBS=''
PACKAGE='desmume'
PACKAGE_BUGREPORT=''
PACKAGE_NAME='desmume'
PACKAGE_STRING='desmume svn'
PACKAGE_TARNAME='desmume'
PACKAGE_URL=''
PACKAGE_VERSION='svn'
PATH_SEPARATOR=':'
PKG_CONFIG='/usr/bin/pkg-config'
PKG_CONFIG_LIBDIR=''
PKG_CONFIG_PATH=''
POFILES=''
POSUB=''
PO_DIR=''
PO_IN_DATADIR_FALSE=''
PO_IN_DATADIR_TRUE=''
RANLIB='ranlib'
SDLCONFIG='/usr/bin/sdl-config'
SDL_CFLAGS='-I/usr/include/SDL -D_GNU_SOURCE=1 -D_REENTRANT'
SDL_LIBS='-L/usr/lib -lSDL -lpthread'
SET_MAKE=''
SHELL='/bin/sh'
STRIP=''
SUPPORT_ALTIVEC_FALSE=''
SUPPORT_ALTIVEC_TRUE='#'
SUPPORT_AVX2_FALSE='#'
SUPPORT_AVX2_TRUE=''
SUPPORT_SSE2_FALSE='#'
SUPPORT_SSE2_TRUE=''
UI_DIR='gtk cli '
UPDATEDESKTOP='/usr/bin/update-desktop-database'
USE_MAINTAINER_MODE='no'
USE_NLS=''
VERSION='svn'
XGETTEXT=''
XMKMF=''
X_CFLAGS=''
X_EXTRA_LIBS=''
X_LIBS=''
X_PRE_LIBS=''
ac_ct_CC='gcc'
ac_ct_CXX='g++'
am__EXEEXT_FALSE=''
am__EXEEXT_TRUE='#'
am__fastdepCC_FALSE='#'
am__fastdepCC_TRUE=''
am__fastdepCXX_FALSE='#'
am__fastdepCXX_TRUE=''
am__include='include'
am__isrc=''
am__leading_dot='.'
am__nodep='_no'
am__quote=''
am__tar='tar --format=posix -chf - "$$tardir"'
am__untar='tar -xf -'
bindir='${exec_prefix}/bin'
build='x86_64-pc-linux-gnu'
build_alias=''
build_cpu='x86_64'
build_os='linux-gnu'
build_vendor='pc'
datadir='${datarootdir}'
datarootdir='${prefix}/share'
desmume_arch='linux'
docdir='${datarootdir}/doc/${PACKAGE_TARNAME}'
dvidir='${docdir}'
exec_prefix='${prefix}'
host='x86_64-pc-linux-gnu'
host_alias=''
host_cpu='x86_64'
host_os='linux-gnu'
host_vendor='pc'
htmldir='${docdir}'
includedir='${prefix}/include'
infodir='${datarootdir}/info'
install_sh='${SHELL} /home/dean/Packages/desmume-src/src/frontend/posix/install-sh'
libdir='${exec_prefix}/lib'
libexecdir='${exec_prefix}/libexec'
localedir='${datarootdir}/locale'
localstatedir='${prefix}/var'
mandir='${datarootdir}/man'
mkdir_p='$(MKDIR_P)'
oldincludedir='/usr/include'
pdfdir='${docdir}'
prefix='/usr/local'
program_transform_name='s,x,x,'
psdir='${docdir}'
sbindir='${exec_prefix}/sbin'
sharedstatedir='${prefix}/com'
sysconfdir='${prefix}/etc'
target_alias=''

## ----------- ##
## confdefs.h. ##
## ----------- ##

/* confdefs.h */
#define PACKAGE_NAME "desmume"
#define PACKAGE_TARNAME "desmume"
#define PACKAGE_VERSION "svn"
#define PACKAGE_STRING "desmume svn"
#define PACKAGE_BUGREPORT ""
#define PACKAGE_URL ""
#define PACKAGE "desmume"
#define VERSION "svn"
#define STDC_HEADERS 1
#define HAVE_SYS_TYPES_H 1
#define HAVE_SYS_STAT_H 1
#define HAVE_STDLIB_H 1
#define HAVE_STRING_H 1
#define HAVE_MEMORY_H 1
#define HAVE_STRINGS_H 1
#define HAVE_INTTYPES_H 1
#define HAVE_STDINT_H 1
#define HAVE_UNISTD_H 1
#define SVN_REV 0
#define SVN_REV_STR "0"
#define HAVE_LIBZ 1
#define HAVE_GL_GL_H 1
#define HAVE_GL_GLU_H 1
#define HAVE_LIBDL 1
#define HAVE_LIBGL 1
#define HAVE_GL_GLX_H 1
#define HAVE_GL_GLX 1
#define HAVE_LIBSOUNDTOUCH 1
#define HAVE_JIT 1
#define HOST_LINUX 1
#define HOST_64 1

configure: exit 0
